0 info it worked if it ends with ok
1 verbose cli [ 'C:\\Users\\Mathieu\\Documents\\NetBeansProjects\\imp\\temp\\node\\node.exe',
1 verbose cli   'C:\\Users\\Mathieu\\Documents\\NetBeansProjects\\imp\\temp\\node\\node_modules\\npm\\bin\\npm-cli.js',
1 verbose cli   'run',
1 verbose cli   'build' ]
2 info using npm@4.0.3
3 info using node@v7.2.0
4 verbose run-script [ 'prebuild', 'build', 'postbuild' ]
5 info lifecycle angular-quickstart@1.0.0~prebuild: angular-quickstart@1.0.0
6 silly lifecycle angular-quickstart@1.0.0~prebuild: no script for prebuild, continuing
7 info lifecycle angular-quickstart@1.0.0~build: angular-quickstart@1.0.0
8 verbose lifecycle angular-quickstart@1.0.0~build: unsafe-perm in lifecycle true
9 verbose lifecycle angular-quickstart@1.0.0~build: PATH: C:\Users\Mathieu\Documents\NetBeansProjects\imp\temp\node\node_modules\npm\bin\node-gyp-bin;C:\Users\Mathieu\Documents\NetBeansProjects\imp\angular\node_modules\.bin;C:\Users\Mathieu\Documents\NetBeansProjects\imp\temp\node;C:\ProgramData\Oracle\Java\javapath;C:\oraclexe\app\oracle\product\11.2.0\server\bin;C:\Program Files (x86)\Intel\iCLS Client\;C:\Program Files\Intel\iCLS Client\;C:\Windows\system32;C:\Windows;C:\Windows\System32\Wbem;C:\Windows\System32\WindowsPowerShell\v1.0\;C:\Program Files (x86)\Windows Live\Shared;C:\Program Files\Intel\Intel(R) Management Engine Components\DAL;C:\Program Files\Intel\Intel(R) Management Engine Components\IPT;C:\Program Files (x86)\Intel\Intel(R) Management Engine Components\DAL;C:\Program Files (x86)\Intel\Intel(R) Management Engine Components\IPT;C:\Program Files (x86)\Intel\OpenCL SDK\2.0\bin\x86;C:\Program Files (x86)\Intel\OpenCL SDK\2.0\bin\x64;C:\Program Files\Java\jdk1.7.0_25\bin;C:\Program Files (x86)\Dofus2\app;C:\cygwin64\bin;C:\Program Files (x86)\MiKTeX 2.9\miktex\bin\;C:\Users\Mathieu\Desktop\v9.5fp2_ntx64_odbc_cli\clidriver\bin;C:\WINDOWS\system32;C:\WINDOWS;C:\WINDOWS\System32\Wbem;C:\WINDOWS\System32\WindowsPowerShell\v1.0\;C:\Program Files (x86)\Skype\Phone\;C:\Program Files (x86)\NVIDIA Corporation\PhysX\Common;C:\Program Files\OpenVPN\bin;C:\Program Files\Git\cmd;C:\Program Files\nodejs\;C:\Program Files\nodejs\npm;C:\Users\Mathieu\Downloads\apache-maven-3.3.9-bin\apache-maven-3.3.9\bin;C:\Users\Mathieu\AppData\Roaming\npm;C:\Program Files (x86)\Inria\Tom\bin;C:\Program Files\Java\jdk1.8.0_91;C:\Program Files\Java\jdk1.8.0_91\bin;
10 verbose lifecycle angular-quickstart@1.0.0~build: CWD: C:\Users\Mathieu\Documents\NetBeansProjects\imp\angular
11 silly lifecycle angular-quickstart@1.0.0~build: Args: [ '/d /s /c', '../temp/bin/ng init build' ]
12 silly lifecycle angular-quickstart@1.0.0~build: Returned: code: 1  signal: null
13 info lifecycle angular-quickstart@1.0.0~build: Failed to exec build script
14 verbose stack Error: angular-quickstart@1.0.0 build: `../temp/bin/ng init build`
14 verbose stack Exit status 1
14 verbose stack     at EventEmitter.<anonymous> (C:\Users\Mathieu\Documents\NetBeansProjects\imp\temp\node\node_modules\npm\lib\utils\lifecycle.js:279:16)
14 verbose stack     at emitTwo (events.js:106:13)
14 verbose stack     at EventEmitter.emit (events.js:191:7)
14 verbose stack     at ChildProcess.<anonymous> (C:\Users\Mathieu\Documents\NetBeansProjects\imp\temp\node\node_modules\npm\lib\utils\spawn.js:40:14)
14 verbose stack     at emitTwo (events.js:106:13)
14 verbose stack     at ChildProcess.emit (events.js:191:7)
14 verbose stack     at maybeClose (internal/child_process.js:885:16)
14 verbose stack     at Process.ChildProcess._handle.onexit (internal/child_process.js:226:5)
15 verbose pkgid angular-quickstart@1.0.0
16 verbose cwd C:\Users\Mathieu\Documents\NetBeansProjects\imp\angular
17 error Windows_NT 6.3.9600
18 error argv "C:\\Users\\Mathieu\\Documents\\NetBeansProjects\\imp\\temp\\node\\node.exe" "C:\\Users\\Mathieu\\Documents\\NetBeansProjects\\imp\\temp\\node\\node_modules\\npm\\bin\\npm-cli.js" "run" "build"
19 error node v7.2.0
20 error npm  v4.0.3
21 error code ELIFECYCLE
22 error angular-quickstart@1.0.0 build: `../temp/bin/ng init build`
22 error Exit status 1
23 error Failed at the angular-quickstart@1.0.0 build script '../temp/bin/ng init build'.
23 error Make sure you have the latest version of node.js and npm installed.
23 error If you do, this is most likely a problem with the angular-quickstart package,
23 error not with npm itself.
23 error Tell the author that this fails on your system:
23 error     ../temp/bin/ng init build
23 error You can get information on how to open an issue for this project with:
23 error     npm bugs angular-quickstart
23 error Or if that isn't available, you can get their info via:
23 error     npm owner ls angular-quickstart
23 error There is likely additional logging output above.
24 verbose exit [ 1, true ]
